<?xml version="1.0" encoding="UTF-8"?>
<!-- Generated by org.testng.reporters.JUnitXMLReporter -->
<testsuite ignored="0" hostname="Pranit-Dhole07" failures="2" tests="2" name="Test" time="0.053" errors="0" timestamp="2022-11-14T11:22:44 IST">
  <testcase classname="appointments_tests.Bookappoinment" name="ConsultationAppoinment" time="0.016">
    <failure type="java.lang.NullPointerException" message="Cannot invoke &amp;quot;org.openqa.selenium.WebDriver.findElement(org.openqa.selenium.By)&amp;quot; because &amp;quot;appointments_tests.Bookappoinment.driver&amp;quot; is null">
      <![CDATA[java.lang.NullPointerException: Cannot invoke "org.openqa.selenium.WebDriver.findElement(org.openqa.selenium.By)" because "appointments_tests.Bookappoinment.driver" is null
at appointments_tests.Bookappoinment.ConsultationAppoinment(Bookappoinment.java:57)
at java.base/java.util.ArrayList.forEach(ArrayList.java:1511)
... Removed 27 stack frames]]>
    </failure>
  </testcase> <!-- ConsultationAppoinment -->
  <testcase classname="appointments_tests.Bookappoinment" name="CounsellingAppoinment" time="0.002">
    <failure type="java.lang.NullPointerException" message="Cannot invoke &amp;quot;org.openqa.selenium.WebDriver.findElement(org.openqa.selenium.By)&amp;quot; because &amp;quot;appointments_tests.Bookappoinment.driver&amp;quot; is null">
      <![CDATA[java.lang.NullPointerException: Cannot invoke "org.openqa.selenium.WebDriver.findElement(org.openqa.selenium.By)" because "appointments_tests.Bookappoinment.driver" is null
at appointments_tests.Bookappoinment.CounsellingAppoinment(Bookappoinment.java:13)
at java.base/java.util.ArrayList.forEach(ArrayList.java:1511)
... Removed 27 stack frames]]>
    </failure>
  </testcase> <!-- CounsellingAppoinment -->
</testsuite> <!-- Test -->
